<?xml version="1.0" encoding="UTF-8"?>
<!-- Generated by org.testng.reporters.JUnitReportReporter -->
<testsuite hostname="PUNASC358112L" failures="0" tests="1" name="rest.Api" time="8.909" errors="0" timestamp="2020-10-08T12:58:06 IST" skipped="0">
  <testcase classname="rest.Api" name="f" time="8.909"/>
  <system-out/>
</testsuite> <!-- rest.Api -->
