<?xml version="1.0" encoding="UTF-8"?>
<!-- Generated by org.testng.reporters.JUnitReportReporter -->
<testsuite hostname="PUNASC358112L" failures="0" tests="1" name="StepDefinitions.Login" time="5.812" errors="0" timestamp="2020-10-08T13:44:22 IST" skipped="0">
  <testcase classname="StepDefinitions.Login" name="rates_API_for_Latest_Foreign_Exchange_rates" time="5.812"/>
  <system-out/>
</testsuite> <!-- StepDefinitions.Login -->
